{"/Users/wangxiaoyu/Documents/NodeJs/test/test_mocha.js":{"path":"/Users/wangxiaoyu/Documents/NodeJs/test/test_mocha.js","s":{"1":1,"2":1,"3":1,"4":1,"5":1,"6":1,"7":1,"8":1,"9":1,"10":1,"11":1,"12":1,"13":1,"14":1,"15":1,"16":1,"17":1,"18":1},"b":{},"f":{},"fnMap":{},"statementMap":{"1":{"start":{"line":1,"column":0},"end":{"line":1,"column":44}},"2":{"start":{"line":2,"column":0},"end":{"line":2,"column":47}},"3":{"start":{"line":4,"column":0},"end":{"line":30,"column":3}},"4":{"start":{"line":5,"column":4},"end":{"line":12,"column":7}},"5":{"start":{"line":6,"column":8},"end":{"line":8,"column":11}},"6":{"start":{"line":7,"column":11},"end":{"line":7,"column":29}},"7":{"start":{"line":9,"column":8},"end":{"line":11,"column":10}},"8":{"start":{"line":10,"column":12},"end":{"line":10,"column":32}},"9":{"start":{"line":13,"column":4},"end":{"line":17,"column":7}},"10":{"start":{"line":14,"column":8},"end":{"line":16,"column":10}},"11":{"start":{"line":15,"column":12},"end":{"line":15,"column":30}},"12":{"start":{"line":19,"column":4},"end":{"line":29,"column":6}},"13":{"start":{"line":20,"column":8},"end":{"line":22,"column":11}},"14":{"start":{"line":21,"column":12},"end":{"line":21,"column":43}},"15":{"start":{"line":23,"column":8},"end":{"line":25,"column":11}},"16":{"start":{"line":24,"column":12},"end":{"line":24,"column":43}},"17":{"start":{"line":26,"column":8},"end":{"line":28,"column":10}},"18":{"start":{"line":27,"column":12},"end":{"line":27,"column":43}}},"branchMap":{}},"/Users/wangxiaoyu/Documents/NodeJs/test/math.js":{"path":"/Users/wangxiaoyu/Documents/NodeJs/test/math.js","s":{"1":1,"2":1,"3":1,"4":1,"5":2,"6":2,"7":1,"8":1,"9":3,"10":1,"11":2,"12":1,"13":1},"b":{"1":[1,2],"2":[1,1]},"f":{"1":1},"fnMap":{"1":{"name":"min","line":1,"loc":{"start":{"line":1,"column":0},"end":{"line":1,"column":18}}}},"statementMap":{"1":{"start":{"line":1,"column":0},"end":{"line":4,"column":1}},"2":{"start":{"line":2,"column":4},"end":{"line":2,"column":16}},"3":{"start":{"line":3,"column":4},"end":{"line":3,"column":22}},"4":{"start":{"line":5,"column":0},"end":{"line":25,"column":2}},"5":{"start":{"line":7,"column":8},"end":{"line":9,"column":10}},"6":{"start":{"line":8,"column":12},"end":{"line":8,"column":31}},"7":{"start":{"line":12,"column":8},"end":{"line":14,"column":10}},"8":{"start":{"line":13,"column":12},"end":{"line":13,"column":31}},"9":{"start":{"line":17,"column":8},"end":{"line":23,"column":9}},"10":{"start":{"line":18,"column":12},"end":{"line":18,"column":23}},"11":{"start":{"line":19,"column":14},"end":{"line":23,"column":9}},"12":{"start":{"line":20,"column":12},"end":{"line":20,"column":23}},"13":{"start":{"line":22,"column":12},"end":{"line":22,"column":28}}},"branchMap":{"1":{"line":17,"type":"if","locations":[{"start":{"line":17,"column":8},"end":{"line":17,"column":8}},{"start":{"line":17,"column":8},"end":{"line":17,"column":8}}]},"2":{"line":19,"type":"if","locations":[{"start":{"line":19,"column":14},"end":{"line":19,"column":14}},{"start":{"line":19,"column":14},"end":{"line":19,"column":14}}]}}}}