TN:
SF:/Users/wangxiaoyu/Documents/NodeJs/test/test_mocha.js
FNF:0
FNH:0
DA:1,1
DA:2,1
DA:4,1
DA:5,1
DA:6,1
DA:7,1
DA:9,1
DA:10,1
DA:13,1
DA:14,1
DA:15,1
DA:19,1
DA:20,1
DA:21,1
DA:23,1
DA:24,1
DA:26,1
DA:27,1
LF:18
LH:18
BRF:0
BRH:0
end_of_record
TN:
SF:/Users/wangxiaoyu/Documents/NodeJs/test/math.js
FN:1,min
FNF:1
FNH:1
FNDA:1,min
DA:1,1
DA:2,1
DA:3,1
DA:5,1
DA:7,2
DA:8,2
DA:12,1
DA:13,1
DA:17,3
DA:18,1
DA:19,2
DA:20,1
DA:22,1
LF:13
LH:13
BRDA:17,1,0,1
BRDA:17,1,1,2
BRDA:19,2,0,1
BRDA:19,2,1,1
BRF:4
BRH:4
end_of_record
